0 info it worked if it ends with ok
1 verbose cli [ '/home/jakutis/.nvm/v0.10.33/bin/node',
1 verbose cli   '/home/jakutis/.nvm/v0.10.33/bin/npm',
1 verbose cli   'publish' ]
2 info using npm@1.4.28
3 info using node@v0.10.33
4 verbose publish [ '.' ]
5 verbose cache add [ '.', null ]
6 verbose cache add name=undefined spec="." args=[".",null]
7 verbose parsed url { protocol: null,
7 verbose parsed url   slashes: null,
7 verbose parsed url   auth: null,
7 verbose parsed url   host: null,
7 verbose parsed url   port: null,
7 verbose parsed url   hostname: null,
7 verbose parsed url   hash: null,
7 verbose parsed url   search: null,
7 verbose parsed url   query: null,
7 verbose parsed url   pathname: '.',
7 verbose parsed url   path: '.',
7 verbose parsed url   href: '.' }
8 silly lockFile 3a52ce78- .
9 verbose lock . /home/jakutis/.npm/3a52ce78-.lock
10 verbose tar pack [ '/home/jakutis/.npm/awesome-client/1.0.0/package.tgz', '.' ]
11 verbose tarball /home/jakutis/.npm/awesome-client/1.0.0/package.tgz
12 verbose folder .
13 info prepublish awesome-client@1.0.0
14 silly lockFile 1f1177db-tar tar://.
15 verbose lock tar://. /home/jakutis/.npm/1f1177db-tar.lock
16 silly lockFile 46e5e5b5-awesome-client-1-0-0-package-tgz tar:///home/jakutis/.npm/awesome-client/1.0.0/package.tgz
17 verbose lock tar:///home/jakutis/.npm/awesome-client/1.0.0/package.tgz /home/jakutis/.npm/46e5e5b5-awesome-client-1-0-0-package-tgz.lock
18 silly lockFile 1f1177db-tar tar://.
19 silly lockFile 1f1177db-tar tar://.
20 silly lockFile 46e5e5b5-awesome-client-1-0-0-package-tgz tar:///home/jakutis/.npm/awesome-client/1.0.0/package.tgz
21 silly lockFile 46e5e5b5-awesome-client-1-0-0-package-tgz tar:///home/jakutis/.npm/awesome-client/1.0.0/package.tgz
22 silly lockFile 604d715d-npm-awesome-client-1-0-0-package /home/jakutis/.npm/awesome-client/1.0.0/package
23 verbose lock /home/jakutis/.npm/awesome-client/1.0.0/package /home/jakutis/.npm/604d715d-npm-awesome-client-1-0-0-package.lock
24 silly lockFile 604d715d-npm-awesome-client-1-0-0-package /home/jakutis/.npm/awesome-client/1.0.0/package
25 silly lockFile 604d715d-npm-awesome-client-1-0-0-package /home/jakutis/.npm/awesome-client/1.0.0/package
26 silly lockFile 3a52ce78- .
27 silly lockFile 3a52ce78- .
28 silly publish { name: 'awesome-client',
28 silly publish   version: '1.0.0',
28 silly publish   description: 'Thin wrapper around awesome-client command that enables interaction with Awesome WM.',
28 silly publish   main: 'index.js',
28 silly publish   scripts: { test: 'echo "Error: no test specified" && exit 1' },
28 silly publish   repository:
28 silly publish    { type: 'git',
28 silly publish      url: 'https://github.com/jakutis/awesome-client' },
28 silly publish   keywords:
28 silly publish    [ 'awesome',
28 silly publish      'awesome-wm',
28 silly publish      'awesomewm',
28 silly publish      'awesome-client',
28 silly publish      'awesomeclient' ],
28 silly publish   author:
28 silly publish    { name: 'Vytautas Jakutis',
28 silly publish      email: 'vytautas@jakut.is',
28 silly publish      url: 'https://jakut.is/' },
28 silly publish   license: 'MIT',
28 silly publish   bugs: { url: 'https://github.com/jakutis/awesome-client/issues' },
28 silly publish   homepage: 'https://github.com/jakutis/awesome-client',
28 silly publish   readme: '# awesome-client\n\nThin wrapper around awesome-client command that enables interaction with Awesome WM.\n\n- [Installation](#installation)\n- [API](#api)\n\n## Installation\n\n      Install with [npm](https://www.npmjs.org/package/awesome-client):\n\n        $ npm install --save awesome-client\n\n## API\n\n    var awesomeClient = require(\'awesome-client\');\n\n    // restarts awesome\n    awesomeClient(\'awesome.restart()\');\n\n    // same, but enables error checking\n    // if it failed, the err object will be an instance of Error\n    awesomeClient(\'awesome.restart()\', function(err) {\n        console.log(err);\n    });\n\n',
28 silly publish   readmeFilename: 'README.markdown',
28 silly publish   gitHead: '0a7468c9454ac3d9becbcd96dd7811a7bd1e3415',
28 silly publish   _id: 'awesome-client@1.0.0',
28 silly publish   _shasum: '37021493efc92276ab7c0b77900462e0345abbdb',
28 silly publish   _from: '.' }
29 error need auth auth and email required for publishing
29 error need auth You need to authorize this machine using `npm adduser`
30 error System Linux 3.2.0-4-amd64
31 error command "/home/jakutis/.nvm/v0.10.33/bin/node" "/home/jakutis/.nvm/v0.10.33/bin/npm" "publish"
32 error cwd /home/jakutis/Desktop/AWESOMECLIENT
33 error node -v v0.10.33
34 error npm -v 1.4.28
35 error code ENEEDAUTH
36 verbose exit [ 1, true ]
